<?xml version="1.0" encoding="UTF-8"?>
<testsuite xmlns:xsi="http://www.w3.org/2001/XMLSchema-instance" xsi:noNamespaceSchemaLocation="https://maven.apache.org/surefire/maven-surefire-plugin/xsd/surefire-test-report.xsd" name="com.example.demo.DemoApplicationTests" time="6.242" tests="1" errors="0" skipped="0" failures="0">
  <properties>
    <property name="sun.desktop" value="windows"/>
    <property name="awt.toolkit" value="sun.awt.windows.WToolkit"/>
    <property name="file.encoding.pkg" value="sun.io"/>
    <property name="java.specification.version" value="1.8"/>
    <property name="sun.cpu.isalist" value="amd64"/>
    <property name="sun.jnu.encoding" value="GBK"/>
    <property name="java.class.path" value="D:\The ticket\Air China ii\springboot_demo\target\test-classes;D:\The ticket\Air China ii\springboot_demo\target\classes;E:\maven\apache-maven-3.3.9\respository\org\springframework\boot\spring-boot-starter-web\2.1.0.RELEASE\spring-boot-starter-web-2.1.0.RELEASE.jar;E:\maven\apache-maven-3.3.9\respository\org\springframework\boot\spring-boot-starter\2.1.0.RELEASE\spring-boot-starter-2.1.0.RELEASE.jar;E:\maven\apache-maven-3.3.9\respository\org\springframework\boot\spring-boot-starter-logging\2.1.0.RELEASE\spring-boot-starter-logging-2.1.0.RELEASE.jar;E:\maven\apache-maven-3.3.9\respository\ch\qos\logback\logback-classic\1.2.3\logback-classic-1.2.3.jar;E:\maven\apache-maven-3.3.9\respository\ch\qos\logback\logback-core\1.2.3\logback-core-1.2.3.jar;E:\maven\apache-maven-3.3.9\respository\org\apache\logging\log4j\log4j-to-slf4j\2.11.1\log4j-to-slf4j-2.11.1.jar;E:\maven\apache-maven-3.3.9\respository\org\apache\logging\log4j\log4j-api\2.11.1\log4j-api-2.11.1.jar;E:\maven\apache-maven-3.3.9\respository\org\slf4j\jul-to-slf4j\1.7.25\jul-to-slf4j-1.7.25.jar;E:\maven\apache-maven-3.3.9\respository\javax\annotation\javax.annotation-api\1.3.2\javax.annotation-api-1.3.2.jar;E:\maven\apache-maven-3.3.9\respository\org\yaml\snakeyaml\1.23\snakeyaml-1.23.jar;E:\maven\apache-maven-3.3.9\respository\org\springframework\boot\spring-boot-starter-json\2.1.0.RELEASE\spring-boot-starter-json-2.1.0.RELEASE.jar;E:\maven\apache-maven-3.3.9\respository\com\fasterxml\jackson\core\jackson-databind\2.9.7\jackson-databind-2.9.7.jar;E:\maven\apache-maven-3.3.9\respository\com\fasterxml\jackson\core\jackson-annotations\2.9.0\jackson-annotations-2.9.0.jar;E:\maven\apache-maven-3.3.9\respository\com\fasterxml\jackson\core\jackson-core\2.9.7\jackson-core-2.9.7.jar;E:\maven\apache-maven-3.3.9\respository\com\fasterxml\jackson\datatype\jackson-datatype-jdk8\2.9.7\jackson-datatype-jdk8-2.9.7.jar;E:\maven\apache-maven-3.3.9\respository\com\fasterxml\jackson\datatype\jackson-datatype-jsr310\2.9.7\jackson-datatype-jsr310-2.9.7.jar;E:\maven\apache-maven-3.3.9\respository\com\fasterxml\jackson\module\jackson-module-parameter-names\2.9.7\jackson-module-parameter-names-2.9.7.jar;E:\maven\apache-maven-3.3.9\respository\org\springframework\boot\spring-boot-starter-tomcat\2.1.0.RELEASE\spring-boot-starter-tomcat-2.1.0.RELEASE.jar;E:\maven\apache-maven-3.3.9\respository\org\apache\tomcat\embed\tomcat-embed-core\9.0.12\tomcat-embed-core-9.0.12.jar;E:\maven\apache-maven-3.3.9\respository\org\apache\tomcat\embed\tomcat-embed-el\9.0.12\tomcat-embed-el-9.0.12.jar;E:\maven\apache-maven-3.3.9\respository\org\apache\tomcat\embed\tomcat-embed-websocket\9.0.12\tomcat-embed-websocket-9.0.12.jar;E:\maven\apache-maven-3.3.9\respository\org\hibernate\validator\hibernate-validator\6.0.13.Final\hibernate-validator-6.0.13.Final.jar;E:\maven\apache-maven-3.3.9\respository\javax\validation\validation-api\2.0.1.Final\validation-api-2.0.1.Final.jar;E:\maven\apache-maven-3.3.9\respository\org\jboss\logging\jboss-logging\3.3.2.Final\jboss-logging-3.3.2.Final.jar;E:\maven\apache-maven-3.3.9\respository\com\fasterxml\classmate\1.4.0\classmate-1.4.0.jar;E:\maven\apache-maven-3.3.9\respository\org\springframework\spring-web\5.1.2.RELEASE\spring-web-5.1.2.RELEASE.jar;E:\maven\apache-maven-3.3.9\respository\org\springframework\spring-beans\5.1.2.RELEASE\spring-beans-5.1.2.RELEASE.jar;E:\maven\apache-maven-3.3.9\respository\org\springframework\spring-webmvc\5.1.2.RELEASE\spring-webmvc-5.1.2.RELEASE.jar;E:\maven\apache-maven-3.3.9\respository\org\springframework\spring-aop\5.1.2.RELEASE\spring-aop-5.1.2.RELEASE.jar;E:\maven\apache-maven-3.3.9\respository\org\springframework\spring-context\5.1.2.RELEASE\spring-context-5.1.2.RELEASE.jar;E:\maven\apache-maven-3.3.9\respository\org\springframework\spring-expression\5.1.2.RELEASE\spring-expression-5.1.2.RELEASE.jar;E:\maven\apache-maven-3.3.9\respository\org\mybatis\spring\boot\mybatis-spring-boot-starter\1.3.2\mybatis-spring-boot-starter-1.3.2.jar;E:\maven\apache-maven-3.3.9\respository\org\mybatis\spring\boot\mybatis-spring-boot-autoconfigure\1.3.2\mybatis-spring-boot-autoconfigure-1.3.2.jar;E:\maven\apache-maven-3.3.9\respository\org\mybatis\mybatis\3.4.6\mybatis-3.4.6.jar;E:\maven\apache-maven-3.3.9\respository\org\mybatis\mybatis-spring\1.3.2\mybatis-spring-1.3.2.jar;E:\maven\apache-maven-3.3.9\respository\org\springframework\boot\spring-boot-devtools\2.1.0.RELEASE\spring-boot-devtools-2.1.0.RELEASE.jar;E:\maven\apache-maven-3.3.9\respository\org\springframework\boot\spring-boot\2.1.0.RELEASE\spring-boot-2.1.0.RELEASE.jar;E:\maven\apache-maven-3.3.9\respository\org\springframework\boot\spring-boot-autoconfigure\2.1.0.RELEASE\spring-boot-autoconfigure-2.1.0.RELEASE.jar;E:\maven\apache-maven-3.3.9\respository\mysql\mysql-connector-java\8.0.13\mysql-connector-java-8.0.13.jar;E:\maven\apache-maven-3.3.9\respository\org\springframework\boot\spring-boot-starter-test\2.1.0.RELEASE\spring-boot-starter-test-2.1.0.RELEASE.jar;E:\maven\apache-maven-3.3.9\respository\org\springframework\boot\spring-boot-test\2.1.0.RELEASE\spring-boot-test-2.1.0.RELEASE.jar;E:\maven\apache-maven-3.3.9\respository\org\springframework\boot\spring-boot-test-autoconfigure\2.1.0.RELEASE\spring-boot-test-autoconfigure-2.1.0.RELEASE.jar;E:\maven\apache-maven-3.3.9\respository\com\jayway\jsonpath\json-path\2.4.0\json-path-2.4.0.jar;E:\maven\apache-maven-3.3.9\respository\net\minidev\json-smart\2.3\json-smart-2.3.jar;E:\maven\apache-maven-3.3.9\respository\net\minidev\accessors-smart\1.2\accessors-smart-1.2.jar;E:\maven\apache-maven-3.3.9\respository\org\ow2\asm\asm\5.0.4\asm-5.0.4.jar;E:\maven\apache-maven-3.3.9\respository\org\slf4j\slf4j-api\1.7.25\slf4j-api-1.7.25.jar;E:\maven\apache-maven-3.3.9\respository\junit\junit\4.12\junit-4.12.jar;E:\maven\apache-maven-3.3.9\respository\org\assertj\assertj-core\3.11.1\assertj-core-3.11.1.jar;E:\maven\apache-maven-3.3.9\respository\org\mockito\mockito-core\2.23.0\mockito-core-2.23.0.jar;E:\maven\apache-maven-3.3.9\respository\net\bytebuddy\byte-buddy\1.9.3\byte-buddy-1.9.3.jar;E:\maven\apache-maven-3.3.9\respository\net\bytebuddy\byte-buddy-agent\1.9.3\byte-buddy-agent-1.9.3.jar;E:\maven\apache-maven-3.3.9\respository\org\objenesis\objenesis\2.6\objenesis-2.6.jar;E:\maven\apache-maven-3.3.9\respository\org\hamcrest\hamcrest-core\1.3\hamcrest-core-1.3.jar;E:\maven\apache-maven-3.3.9\respository\org\hamcrest\hamcrest-library\1.3\hamcrest-library-1.3.jar;E:\maven\apache-maven-3.3.9\respository\org\skyscreamer\jsonassert\1.5.0\jsonassert-1.5.0.jar;E:\maven\apache-maven-3.3.9\respository\com\vaadin\external\google\android-json\0.0.20131108.vaadin1\android-json-0.0.20131108.vaadin1.jar;E:\maven\apache-maven-3.3.9\respository\org\springframework\spring-core\5.1.2.RELEASE\spring-core-5.1.2.RELEASE.jar;E:\maven\apache-maven-3.3.9\respository\org\springframework\spring-jcl\5.1.2.RELEASE\spring-jcl-5.1.2.RELEASE.jar;E:\maven\apache-maven-3.3.9\respository\org\springframework\spring-test\5.1.2.RELEASE\spring-test-5.1.2.RELEASE.jar;E:\maven\apache-maven-3.3.9\respository\org\xmlunit\xmlunit-core\2.6.2\xmlunit-core-2.6.2.jar;E:\maven\apache-maven-3.3.9\respository\org\springframework\boot\spring-boot-starter-jdbc\2.1.0.RELEASE\spring-boot-starter-jdbc-2.1.0.RELEASE.jar;E:\maven\apache-maven-3.3.9\respository\com\zaxxer\HikariCP\3.2.0\HikariCP-3.2.0.jar;E:\maven\apache-maven-3.3.9\respository\org\springframework\spring-jdbc\5.1.2.RELEASE\spring-jdbc-5.1.2.RELEASE.jar;E:\maven\apache-maven-3.3.9\respository\org\springframework\spring-tx\5.1.2.RELEASE\spring-tx-5.1.2.RELEASE.jar;E:\maven\apache-maven-3.3.9\respository\com\alibaba\druid\1.0.11\druid-1.0.11.jar;C:\Program Files\Java\jdk1.8.0_161\jre\..\lib\jconsole.jar;C:\Program Files\Java\jdk1.8.0_161\jre\..\lib\tools.jar;E:\maven\apache-maven-3.3.9\respository\log4j\log4j\1.2.17\log4j-1.2.17.jar;E:\maven\apache-maven-3.3.9\respository\com\github\pagehelper\pagehelper\4.1.0\pagehelper-4.1.0.jar;E:\maven\apache-maven-3.3.9\respository\com\github\jsqlparser\jsqlparser\0.9.4\jsqlparser-0.9.4.jar;E:\maven\apache-maven-3.3.9\respository\redis\clients\jedis\2.9.0\jedis-2.9.0.jar;E:\maven\apache-maven-3.3.9\respository\org\apache\commons\commons-pool2\2.6.0\commons-pool2-2.6.0.jar;"/>
    <property name="java.vm.vendor" value="Oracle Corporation"/>
    <property name="sun.arch.data.model" value="64"/>
    <property name="user.variant" value=""/>
    <property name="java.vendor.url" value="http://java.oracle.com/"/>
    <property name="user.timezone" value="Asia/Shanghai"/>
    <property name="java.vm.specification.version" value="1.8"/>
    <property name="os.name" value="Windows 10"/>
    <property name="user.country" value="CN"/>
    <property name="sun.java.launcher" value="SUN_STANDARD"/>
    <property name="sun.boot.library.path" value="C:\Program Files\Java\jdk1.8.0_161\jre\bin"/>
    <property name="sun.java.command" value="C:\Users\Hailong\AppData\Local\Temp\surefire7080466837638447230\surefirebooter5280300996588094124.jar C:\Users\Hailong\AppData\Local\Temp\surefire7080466837638447230 2018-11-19T19-36-09_172-jvmRun1 surefire9135024442899660876tmp surefire_01567974024876185192tmp"/>
    <property name="surefire.test.class.path" value="D:\The ticket\Air China ii\springboot_demo\target\test-classes;D:\The ticket\Air China ii\springboot_demo\target\classes;E:\maven\apache-maven-3.3.9\respository\org\springframework\boot\spring-boot-starter-web\2.1.0.RELEASE\spring-boot-starter-web-2.1.0.RELEASE.jar;E:\maven\apache-maven-3.3.9\respository\org\springframework\boot\spring-boot-starter\2.1.0.RELEASE\spring-boot-starter-2.1.0.RELEASE.jar;E:\maven\apache-maven-3.3.9\respository\org\springframework\boot\spring-boot-starter-logging\2.1.0.RELEASE\spring-boot-starter-logging-2.1.0.RELEASE.jar;E:\maven\apache-maven-3.3.9\respository\ch\qos\logback\logback-classic\1.2.3\logback-classic-1.2.3.jar;E:\maven\apache-maven-3.3.9\respository\ch\qos\logback\logback-core\1.2.3\logback-core-1.2.3.jar;E:\maven\apache-maven-3.3.9\respository\org\apache\logging\log4j\log4j-to-slf4j\2.11.1\log4j-to-slf4j-2.11.1.jar;E:\maven\apache-maven-3.3.9\respository\org\apache\logging\log4j\log4j-api\2.11.1\log4j-api-2.11.1.jar;E:\maven\apache-maven-3.3.9\respository\org\slf4j\jul-to-slf4j\1.7.25\jul-to-slf4j-1.7.25.jar;E:\maven\apache-maven-3.3.9\respository\javax\annotation\javax.annotation-api\1.3.2\javax.annotation-api-1.3.2.jar;E:\maven\apache-maven-3.3.9\respository\org\yaml\snakeyaml\1.23\snakeyaml-1.23.jar;E:\maven\apache-maven-3.3.9\respository\org\springframework\boot\spring-boot-starter-json\2.1.0.RELEASE\spring-boot-starter-json-2.1.0.RELEASE.jar;E:\maven\apache-maven-3.3.9\respository\com\fasterxml\jackson\core\jackson-databind\2.9.7\jackson-databind-2.9.7.jar;E:\maven\apache-maven-3.3.9\respository\com\fasterxml\jackson\core\jackson-annotations\2.9.0\jackson-annotations-2.9.0.jar;E:\maven\apache-maven-3.3.9\respository\com\fasterxml\jackson\core\jackson-core\2.9.7\jackson-core-2.9.7.jar;E:\maven\apache-maven-3.3.9\respository\com\fasterxml\jackson\datatype\jackson-datatype-jdk8\2.9.7\jackson-datatype-jdk8-2.9.7.jar;E:\maven\apache-maven-3.3.9\respository\com\fasterxml\jackson\datatype\jackson-datatype-jsr310\2.9.7\jackson-datatype-jsr310-2.9.7.jar;E:\maven\apache-maven-3.3.9\respository\com\fasterxml\jackson\module\jackson-module-parameter-names\2.9.7\jackson-module-parameter-names-2.9.7.jar;E:\maven\apache-maven-3.3.9\respository\org\springframework\boot\spring-boot-starter-tomcat\2.1.0.RELEASE\spring-boot-starter-tomcat-2.1.0.RELEASE.jar;E:\maven\apache-maven-3.3.9\respository\org\apache\tomcat\embed\tomcat-embed-core\9.0.12\tomcat-embed-core-9.0.12.jar;E:\maven\apache-maven-3.3.9\respository\org\apache\tomcat\embed\tomcat-embed-el\9.0.12\tomcat-embed-el-9.0.12.jar;E:\maven\apache-maven-3.3.9\respository\org\apache\tomcat\embed\tomcat-embed-websocket\9.0.12\tomcat-embed-websocket-9.0.12.jar;E:\maven\apache-maven-3.3.9\respository\org\hibernate\validator\hibernate-validator\6.0.13.Final\hibernate-validator-6.0.13.Final.jar;E:\maven\apache-maven-3.3.9\respository\javax\validation\validation-api\2.0.1.Final\validation-api-2.0.1.Final.jar;E:\maven\apache-maven-3.3.9\respository\org\jboss\logging\jboss-logging\3.3.2.Final\jboss-logging-3.3.2.Final.jar;E:\maven\apache-maven-3.3.9\respository\com\fasterxml\classmate\1.4.0\classmate-1.4.0.jar;E:\maven\apache-maven-3.3.9\respository\org\springframework\spring-web\5.1.2.RELEASE\spring-web-5.1.2.RELEASE.jar;E:\maven\apache-maven-3.3.9\respository\org\springframework\spring-beans\5.1.2.RELEASE\spring-beans-5.1.2.RELEASE.jar;E:\maven\apache-maven-3.3.9\respository\org\springframework\spring-webmvc\5.1.2.RELEASE\spring-webmvc-5.1.2.RELEASE.jar;E:\maven\apache-maven-3.3.9\respository\org\springframework\spring-aop\5.1.2.RELEASE\spring-aop-5.1.2.RELEASE.jar;E:\maven\apache-maven-3.3.9\respository\org\springframework\spring-context\5.1.2.RELEASE\spring-context-5.1.2.RELEASE.jar;E:\maven\apache-maven-3.3.9\respository\org\springframework\spring-expression\5.1.2.RELEASE\spring-expression-5.1.2.RELEASE.jar;E:\maven\apache-maven-3.3.9\respository\org\mybatis\spring\boot\mybatis-spring-boot-starter\1.3.2\mybatis-spring-boot-starter-1.3.2.jar;E:\maven\apache-maven-3.3.9\respository\org\mybatis\spring\boot\mybatis-spring-boot-autoconfigure\1.3.2\mybatis-spring-boot-autoconfigure-1.3.2.jar;E:\maven\apache-maven-3.3.9\respository\org\mybatis\mybatis\3.4.6\mybatis-3.4.6.jar;E:\maven\apache-maven-3.3.9\respository\org\mybatis\mybatis-spring\1.3.2\mybatis-spring-1.3.2.jar;E:\maven\apache-maven-3.3.9\respository\org\springframework\boot\spring-boot-devtools\2.1.0.RELEASE\spring-boot-devtools-2.1.0.RELEASE.jar;E:\maven\apache-maven-3.3.9\respository\org\springframework\boot\spring-boot\2.1.0.RELEASE\spring-boot-2.1.0.RELEASE.jar;E:\maven\apache-maven-3.3.9\respository\org\springframework\boot\spring-boot-autoconfigure\2.1.0.RELEASE\spring-boot-autoconfigure-2.1.0.RELEASE.jar;E:\maven\apache-maven-3.3.9\respository\mysql\mysql-connector-java\8.0.13\mysql-connector-java-8.0.13.jar;E:\maven\apache-maven-3.3.9\respository\org\springframework\boot\spring-boot-starter-test\2.1.0.RELEASE\spring-boot-starter-test-2.1.0.RELEASE.jar;E:\maven\apache-maven-3.3.9\respository\org\springframework\boot\spring-boot-test\2.1.0.RELEASE\spring-boot-test-2.1.0.RELEASE.jar;E:\maven\apache-maven-3.3.9\respository\org\springframework\boot\spring-boot-test-autoconfigure\2.1.0.RELEASE\spring-boot-test-autoconfigure-2.1.0.RELEASE.jar;E:\maven\apache-maven-3.3.9\respository\com\jayway\jsonpath\json-path\2.4.0\json-path-2.4.0.jar;E:\maven\apache-maven-3.3.9\respository\net\minidev\json-smart\2.3\json-smart-2.3.jar;E:\maven\apache-maven-3.3.9\respository\net\minidev\accessors-smart\1.2\accessors-smart-1.2.jar;E:\maven\apache-maven-3.3.9\respository\org\ow2\asm\asm\5.0.4\asm-5.0.4.jar;E:\maven\apache-maven-3.3.9\respository\org\slf4j\slf4j-api\1.7.25\slf4j-api-1.7.25.jar;E:\maven\apache-maven-3.3.9\respository\junit\junit\4.12\junit-4.12.jar;E:\maven\apache-maven-3.3.9\respository\org\assertj\assertj-core\3.11.1\assertj-core-3.11.1.jar;E:\maven\apache-maven-3.3.9\respository\org\mockito\mockito-core\2.23.0\mockito-core-2.23.0.jar;E:\maven\apache-maven-3.3.9\respository\net\bytebuddy\byte-buddy\1.9.3\byte-buddy-1.9.3.jar;E:\maven\apache-maven-3.3.9\respository\net\bytebuddy\byte-buddy-agent\1.9.3\byte-buddy-agent-1.9.3.jar;E:\maven\apache-maven-3.3.9\respository\org\objenesis\objenesis\2.6\objenesis-2.6.jar;E:\maven\apache-maven-3.3.9\respository\org\hamcrest\hamcrest-core\1.3\hamcrest-core-1.3.jar;E:\maven\apache-maven-3.3.9\respository\org\hamcrest\hamcrest-library\1.3\hamcrest-library-1.3.jar;E:\maven\apache-maven-3.3.9\respository\org\skyscreamer\jsonassert\1.5.0\jsonassert-1.5.0.jar;E:\maven\apache-maven-3.3.9\respository\com\vaadin\external\google\android-json\0.0.20131108.vaadin1\android-json-0.0.20131108.vaadin1.jar;E:\maven\apache-maven-3.3.9\respository\org\springframework\spring-core\5.1.2.RELEASE\spring-core-5.1.2.RELEASE.jar;E:\maven\apache-maven-3.3.9\respository\org\springframework\spring-jcl\5.1.2.RELEASE\spring-jcl-5.1.2.RELEASE.jar;E:\maven\apache-maven-3.3.9\respository\org\springframework\spring-test\5.1.2.RELEASE\spring-test-5.1.2.RELEASE.jar;E:\maven\apache-maven-3.3.9\respository\org\xmlunit\xmlunit-core\2.6.2\xmlunit-core-2.6.2.jar;E:\maven\apache-maven-3.3.9\respository\org\springframework\boot\spring-boot-starter-jdbc\2.1.0.RELEASE\spring-boot-starter-jdbc-2.1.0.RELEASE.jar;E:\maven\apache-maven-3.3.9\respository\com\zaxxer\HikariCP\3.2.0\HikariCP-3.2.0.jar;E:\maven\apache-maven-3.3.9\respository\org\springframework\spring-jdbc\5.1.2.RELEASE\spring-jdbc-5.1.2.RELEASE.jar;E:\maven\apache-maven-3.3.9\respository\org\springframework\spring-tx\5.1.2.RELEASE\spring-tx-5.1.2.RELEASE.jar;E:\maven\apache-maven-3.3.9\respository\com\alibaba\druid\1.0.11\druid-1.0.11.jar;C:\Program Files\Java\jdk1.8.0_161\jre\..\lib\jconsole.jar;C:\Program Files\Java\jdk1.8.0_161\jre\..\lib\tools.jar;E:\maven\apache-maven-3.3.9\respository\log4j\log4j\1.2.17\log4j-1.2.17.jar;E:\maven\apache-maven-3.3.9\respository\com\github\pagehelper\pagehelper\4.1.0\pagehelper-4.1.0.jar;E:\maven\apache-maven-3.3.9\respository\com\github\jsqlparser\jsqlparser\0.9.4\jsqlparser-0.9.4.jar;E:\maven\apache-maven-3.3.9\respository\redis\clients\jedis\2.9.0\jedis-2.9.0.jar;E:\maven\apache-maven-3.3.9\respository\org\apache\commons\commons-pool2\2.6.0\commons-pool2-2.6.0.jar;"/>
    <property name="sun.cpu.endian" value="little"/>
    <property name="user.home" value="C:\Users\Hailong"/>
    <property name="user.language" value="zh"/>
    <property name="java.specification.vendor" value="Oracle Corporation"/>
    <property name="java.home" value="C:\Program Files\Java\jdk1.8.0_161\jre"/>
    <property name="basedir" value="D:\The ticket\Air China ii\springboot_demo"/>
    <property name="file.separator" value="\"/>
    <property name="line.separator" value="&#10;"/>
    <property name="java.vm.specification.vendor" value="Oracle Corporation"/>
    <property name="java.specification.name" value="Java Platform API Specification"/>
    <property name="java.awt.graphicsenv" value="sun.awt.Win32GraphicsEnvironment"/>
    <property name="surefire.real.class.path" value="C:\Users\Hailong\AppData\Local\Temp\surefire7080466837638447230\surefirebooter5280300996588094124.jar"/>
    <property name="sun.boot.class.path" value="C:\Program Files\Java\jdk1.8.0_161\jre\lib\resources.jar;C:\Program Files\Java\jdk1.8.0_161\jre\lib\rt.jar;C:\Program Files\Java\jdk1.8.0_161\jre\lib\sunrsasign.jar;C:\Program Files\Java\jdk1.8.0_161\jre\lib\jsse.jar;C:\Program Files\Java\jdk1.8.0_161\jre\lib\jce.jar;C:\Program Files\Java\jdk1.8.0_161\jre\lib\charsets.jar;C:\Program Files\Java\jdk1.8.0_161\jre\lib\jfr.jar;C:\Program Files\Java\jdk1.8.0_161\jre\classes"/>
    <property name="user.script" value=""/>
    <property name="sun.management.compiler" value="HotSpot 64-Bit Tiered Compilers"/>
    <property name="java.runtime.version" value="1.8.0_161-b12"/>
    <property name="user.name" value="Hailong"/>
    <property name="path.separator" value=";"/>
    <property name="os.version" value="10.0"/>
    <property name="java.endorsed.dirs" value="C:\Program Files\Java\jdk1.8.0_161\jre\lib\endorsed"/>
    <property name="java.runtime.name" value="Java(TM) SE Runtime Environment"/>
    <property name="file.encoding" value="GBK"/>
    <property name="java.vm.name" value="Java HotSpot(TM) 64-Bit Server VM"/>
    <property name="localRepository" value="E:\maven\apache-maven-3.3.9\respository"/>
    <property name="java.vendor.url.bug" value="http://bugreport.sun.com/bugreport/"/>
    <property name="java.io.tmpdir" value="C:\Users\Hailong\AppData\Local\Temp\"/>
    <property name="idea.version" value="2017.2.2"/>
    <property name="java.version" value="1.8.0_161"/>
    <property name="user.dir" value="D:\The ticket\Air China ii\springboot_demo"/>
    <property name="os.arch" value="amd64"/>
    <property name="java.vm.specification.name" value="Java Virtual Machine Specification"/>
    <property name="java.awt.printerjob" value="sun.awt.windows.WPrinterJob"/>
    <property name="sun.os.patch.level" value=""/>
    <property name="java.library.path" value="C:\Program Files\Java\jdk1.8.0_161\jre\bin;C:\WINDOWS\Sun\Java\bin;C:\WINDOWS\system32;C:\WINDOWS;E:\perl\site\bin;E:\perl\bin;C:\Program Files (x86)\Common Files\Oracle\Java\javapath;C:\ProgramData\Oracle\Java\javapath;C:\Program Files (x86)\Intel\iCLS Client\;C:\Program Files\Intel\iCLS Client\;C:\Windows\system32;C:\Windows;C:\Windows\System32\Wbem;C:\Windows\System32\WindowsPowerShell\v1.0\;C:\Program Files (x86)\NVIDIA Corporation\PhysX\Common;C:\Program Files (x86)\Intel\Intel(R) Management Engine Components\DAL;C:\Program Files\Intel\Intel(R) Management Engine Components\DAL;C:\Program Files (x86)\Intel\Intel(R) Management Engine Components\IPT;C:\Program Files\Intel\Intel(R) Management Engine Components\IPT;C:\WINDOWS\system32;C:\WINDOWS;C:\WINDOWS\System32\Wbem;C:\WINDOWS\System32\WindowsPowerShell\v1.0\;C:\Program Files\MySQL\MySQL Utilities 1.6\;C:\WINDOWS\System32\OpenSSH\;C:\Program Files\MySQL\MySQL Server 5.7\bin;E:\maven\apache-maven-3.3.9\bin;E:\git\Git\cmd;E:\hadoop\hadoop-2.8.3\bin;E:\hadoop\hadoop-2.8.3\bin;D:\Scala\scala-2.11.12\bin;C:\Users\Hailong\AppData\Local\Programs\Python\Python36\Scripts\;C:\Users\Hailong\AppData\Local\Programs\Python\Python36\;&quot;C:\Users\Hailong\AppData\Local\Microsoft\WindowsApps;E:\MongoDB\mongo\bin\数据库命令;C:\Program Files\Java\jre1.8.0_171\bin;C:\Program Files\Java\jre1.8.0_171\jre\bin;&quot;;;C:\Users\Hailong\AppData\Local\Microsoft\WindowsApps;."/>
    <property name="java.vm.info" value="mixed mode"/>
    <property name="java.vendor" value="Oracle Corporation"/>
    <property name="java.vm.version" value="25.161-b12"/>
    <property name="java.ext.dirs" value="C:\Program Files\Java\jdk1.8.0_161\jre\lib\ext;C:\WINDOWS\Sun\Java\lib\ext"/>
    <property name="sun.io.unicode.encoding" value="UnicodeLittle"/>
    <property name="maven.repo.local" value="E:\maven\apache-maven-3.3.9\respository"/>
    <property name="java.class.version" value="52.0"/>
  </properties>
  <testcase name="contextLoads" classname="com.example.demo.DemoApplicationTests" time="0.452"/>
</testsuite>